This file contains any messages produced by compilers while
running configure, to aid debugging if configure makes a mistake.

It was created by configure, which was
generated by GNU Autoconf 2.62.  Invocation command line was

  $ ./configure 

## --------- ##
## Platform. ##
## --------- ##

hostname = winterfell
uname -m = x86_64
uname -r = 3.6.6-1.fc16.x86_64
uname -s = Linux
uname -v = #1 SMP Mon Nov 5 16:56:43 UTC 2012

/usr/bin/uname -p = unknown
/bin/uname -X     = unknown

/bin/arch              = x86_64
/usr/bin/arch -k       = unknown
/usr/convex/getsysinfo = unknown
/usr/bin/hostinfo      = unknown
/bin/machine           = unknown
/usr/bin/oslevel       = unknown
/bin/universe          = unknown

PATH: /usr/lib/jvm/java-1.6.0-openjdk-1.6.0.0.x86_64/bin
PATH: /usr/lib/jvm/java-1.6.0-openjdk-1.6.0.0.x86_64/bin
PATH: /usr/lib/jvm/java-1.6.0-openjdk-1.6.0.0.x86_64/bin
PATH: /usr/lib/jvm/java-1.6.0-openjdk-1.6.0.0.x86_64/bin
PATH: /usr/local/bin
PATH: /usr/bin
PATH: /bin
PATH: /usr/local/sbin
PATH: /usr/sbin
PATH: /sbin
PATH: /home/jomara/.local/bin
PATH: /home/jomara/bin
PATH: /home/jomara/.rvm/bin


## ----------- ##
## Core tests. ##
## ----------- ##

configure:1854: checking for a BSD-compatible install
configure:1922: result: /usr/bin/install -c
configure:1933: checking whether build environment is sane
configure:1976: result: yes
configure:2001: checking for a thread-safe mkdir -p
configure:2040: result: /bin/mkdir -p
configure:2053: checking for gawk
configure:2069: found /usr/bin/gawk
configure:2080: result: gawk
configure:2091: checking whether make sets $(MAKE)
configure:2113: result: yes
configure:2351: checking for gcc
configure:2367: found /usr/bin/gcc
configure:2378: result: gcc
configure:2616: checking for C compiler version
configure:2624: gcc --version >&5
gcc (GCC) 4.6.3 20120306 (Red Hat 4.6.3-2)
Copyright (C) 2011 Free Software Foundation, Inc.
This is free software; see the source for copying conditions.  There is NO
warranty; not even for MERCHANTABILITY or FITNESS FOR A PARTICULAR PURPOSE.

configure:2628: $? = 0
configure:2635: gcc -v >&5
Using built-in specs.
COLLECT_GCC=gcc
COLLECT_LTO_WRAPPER=/usr/libexec/gcc/x86_64-redhat-linux/4.6.3/lto-wrapper
Target: x86_64-redhat-linux
Configured with: ../configure --prefix=/usr --mandir=/usr/share/man --infodir=/usr/share/info --with-bugurl=http://bugzilla.redhat.com/bugzilla --enable-bootstrap --enable-shared --enable-threads=posix --enable-checking=release --with-system-zlib --enable-__cxa_atexit --disable-libunwind-exceptions --enable-gnu-unique-object --enable-linker-build-id --enable-languages=c,c++,objc,obj-c++,java,fortran,ada,go,lto --enable-plugin --enable-java-awt=gtk --disable-dssi --with-java-home=/usr/lib/jvm/java-1.5.0-gcj-1.5.0.0/jre --enable-libgcj-multifile --enable-java-maintainer-mode --with-ecj-jar=/usr/share/java/eclipse-ecj.jar --disable-libjava-multilib --with-ppl --with-cloog --with-tune=generic --with-arch_32=i686 --build=x86_64-redhat-linux
Thread model: posix
gcc version 4.6.3 20120306 (Red Hat 4.6.3-2) (GCC) 
configure:2639: $? = 0
configure:2646: gcc -V >&5
gcc: error: unrecognized option '-V'
gcc: fatal error: no input files
compilation terminated.
configure:2650: $? = 4
configure:2673: checking for C compiler default output file name
configure:2695: gcc    conftest.c  >&5
configure:2699: $? = 0
configure:2737: result: a.out
configure:2754: checking whether the C compiler works
configure:2764: ./a.out
configure:2768: $? = 0
configure:2785: result: yes
configure:2792: checking whether we are cross compiling
configure:2794: result: no
configure:2797: checking for suffix of executables
configure:2804: gcc -o conftest    conftest.c  >&5
configure:2808: $? = 0
configure:2832: result: 
configure:2838: checking for suffix of object files
configure:2864: gcc -c   conftest.c >&5
configure:2868: $? = 0
configure:2891: result: o
configure:2895: checking whether we are using the GNU C compiler
configure:2924: gcc -c   conftest.c >&5
configure:2931: $? = 0
configure:2948: result: yes
configure:2957: checking whether gcc accepts -g